<?xml version="1.0" encoding="utf-8"?><testsuites name="pytest tests"><testsuite name="pytest" errors="0" failures="0" skipped="0" tests="59" time="2.867" timestamp="2025-10-07T20:36:00.856416+02:00" hostname="armanator"><testcase classname="test.test_handler" name="test_collected_workflows_actions" time="0.179" /><testcase classname="test.test_handler" name="test_collect_workflow[.github/workflows/reusable-workflow.yml-Reusable Workflow with workflow_call]" time="0.137" /><testcase classname="test.test_handler" name="test_collect_workflow[.github/workflows/hybrid-workflow.yml-Hybrid Workflow - Call and Dispatch]" time="0.135" /><testcase classname="test.test_handler" name="test_collect_action[.-Root Level Action]" time="0.141" /><testcase classname="test.test_handler" name="test_collect_action[actions/minimal-action-Minimal Action]" time="0.146" /><testcase classname="test.test_handler" name="test_collect_action[actions/complex-action-Complex Action with Advanced Features]" time="0.128" /><testcase classname="test.test_handler" name="test_collect_action[actions/simple-action-Simple Action]" time="0.131" /><testcase classname="test.test_handler" name="test_collect_action[actions/javascript-action-JavaScript Action]" time="0.136" /><testcase classname="test.test_handler" name="test_collect_action[actions/docker-action-Docker-based Action]" time="0.135" /><testcase classname="test.test_handler" name="test_collect_action[nested/actions/deep-action-Deep Nested Action]" time="0.146" /><testcase classname="test.test_handler" name="test_collect_missing_identifier" time="0.140" /><testcase classname="test.test_render_action" name="test_end_to_end_action_general[.-inputs0]" time="0.206" /><testcase classname="test.test_render_action" name="test_end_to_end_action_general[.-inputs1]" time="0.026" /><testcase classname="test.test_render_action" name="test_end_to_end_action_general[.-inputs2]" time="0.002" /><testcase classname="test.test_render_action" name="test_end_to_end_action_headings[.-inputs0]" time="0.003" /><testcase classname="test.test_render_action" name="test_end_to_end_action_headings[.-inputs1]" time="0.002" /><testcase classname="test.test_render_action" name="test_end_to_end_action_headings[.-inputs2]" time="0.002" /><testcase classname="test.test_render_action" name="test_end_to_end_action_headings[.-inputs3]" time="0.003" /><testcase classname="test.test_render_action" name="test_end_to_end_action_headings[.-inputs4]" time="0.010" /><testcase classname="test.test_render_action" name="test_end_to_end_action_headings[.-inputs5]" time="0.003" /><testcase classname="test.test_render_action" name="test_end_to_end_action_headings[.-inputs6]" time="0.002" /><testcase classname="test.test_render_action" name="test_end_to_end_action_signature[.-inputs0]" time="0.007" /><testcase classname="test.test_render_action" name="test_end_to_end_action_signature[.-inputs1]" time="0.005" /><testcase classname="test.test_render_action" name="test_end_to_end_action_signature[.-inputs2]" time="0.004" /><testcase classname="test.test_render_action" name="test_end_to_end_action_signature[.-inputs3]" time="0.002" /><testcase classname="test.test_render_action" name="test_end_to_end_action_parameters[.-table-alphabetical-show0]" time="0.042" /><testcase classname="test.test_render_action" name="test_end_to_end_action_parameters[.-table-alphabetical-show1]" time="0.004" /><testcase classname="test.test_render_action" name="test_end_to_end_action_parameters[.-table-alphabetical-show2]" time="0.005" /><testcase classname="test.test_render_action" name="test_end_to_end_action_parameters[.-table-source-show0]" time="0.012" /><testcase classname="test.test_render_action" name="test_end_to_end_action_parameters[.-table-source-show1]" time="0.005" /><testcase classname="test.test_render_action" name="test_end_to_end_action_parameters[.-table-source-show2]" time="0.003" /><testcase classname="test.test_render_action" name="test_end_to_end_action_parameters[.-list-alphabetical-show0]" time="0.011" /><testcase classname="test.test_render_action" name="test_end_to_end_action_parameters[.-list-alphabetical-show1]" time="0.005" /><testcase classname="test.test_render_action" name="test_end_to_end_action_parameters[.-list-alphabetical-show2]" time="0.002" /><testcase classname="test.test_render_action" name="test_end_to_end_action_parameters[.-list-source-show0]" time="0.014" /><testcase classname="test.test_render_action" name="test_end_to_end_action_parameters[.-list-source-show1]" time="0.004" /><testcase classname="test.test_render_action" name="test_end_to_end_action_parameters[.-list-source-show2]" time="0.005" /><testcase classname="test.test_render_workflow" name="test_end_to_end_workflow_general[.github/workflows/reusable-workflow.yml-inputs0]" time="0.078" /><testcase classname="test.test_render_workflow" name="test_end_to_end_workflow_general[.github/workflows/reusable-workflow.yml-inputs1]" time="0.049" /><testcase classname="test.test_render_workflow" name="test_end_to_end_workflow_general[.github/workflows/reusable-workflow.yml-inputs2]" time="0.003" /><testcase classname="test.test_render_workflow" name="test_end_to_end_workflow_headings[.github/workflows/reusable-workflow.yml-inputs0]" time="0.004" /><testcase classname="test.test_render_workflow" name="test_end_to_end_workflow_headings[.github/workflows/reusable-workflow.yml-inputs1]" time="0.002" /><testcase classname="test.test_render_workflow" name="test_end_to_end_workflow_headings[.github/workflows/reusable-workflow.yml-inputs2]" time="0.002" /><testcase classname="test.test_render_workflow" name="test_end_to_end_workflow_signature[.github/workflows/reusable-workflow.yml-inputs0]" time="0.010" /><testcase classname="test.test_render_workflow" name="test_end_to_end_workflow_signature[.github/workflows/reusable-workflow.yml-inputs1]" time="0.005" /><testcase classname="test.test_render_workflow" name="test_end_to_end_workflow_signature[.github/workflows/reusable-workflow.yml-inputs2]" time="0.005" /><testcase classname="test.test_render_workflow" name="test_end_to_end_workflow_signature[.github/workflows/reusable-workflow.yml-inputs3]" time="0.002" /><testcase classname="test.test_render_workflow" name="test_end_to_end_workflow_parameters[.github/workflows/reusable-workflow.yml-table-alphabetical-show0]" time="0.028" /><testcase classname="test.test_render_workflow" name="test_end_to_end_workflow_parameters[.github/workflows/reusable-workflow.yml-table-alphabetical-show1]" time="0.004" /><testcase classname="test.test_render_workflow" name="test_end_to_end_workflow_parameters[.github/workflows/reusable-workflow.yml-table-alphabetical-show2]" time="0.004" /><testcase classname="test.test_render_workflow" name="test_end_to_end_workflow_parameters[.github/workflows/reusable-workflow.yml-table-source-show0]" time="0.015" /><testcase classname="test.test_render_workflow" name="test_end_to_end_workflow_parameters[.github/workflows/reusable-workflow.yml-table-source-show1]" time="0.004" /><testcase classname="test.test_render_workflow" name="test_end_to_end_workflow_parameters[.github/workflows/reusable-workflow.yml-table-source-show2]" time="0.004" /><testcase classname="test.test_render_workflow" name="test_end_to_end_workflow_parameters[.github/workflows/reusable-workflow.yml-list-alphabetical-show0]" time="0.013" /><testcase classname="test.test_render_workflow" name="test_end_to_end_workflow_parameters[.github/workflows/reusable-workflow.yml-list-alphabetical-show1]" time="0.005" /><testcase classname="test.test_render_workflow" name="test_end_to_end_workflow_parameters[.github/workflows/reusable-workflow.yml-list-alphabetical-show2]" time="0.002" /><testcase classname="test.test_render_workflow" name="test_end_to_end_workflow_parameters[.github/workflows/reusable-workflow.yml-list-source-show0]" time="0.013" /><testcase classname="test.test_render_workflow" name="test_end_to_end_workflow_parameters[.github/workflows/reusable-workflow.yml-list-source-show1]" time="0.004" /><testcase classname="test.test_render_workflow" name="test_end_to_end_workflow_parameters[.github/workflows/reusable-workflow.yml-list-source-show2]" time="0.004" /></testsuite></testsuites>